2016-06-23 15:46:37.899  INFO 7242 --- [main] sample.App                               : Starting App on ITPUser-no-MacBook-Pro.local with PID 7242 (/Users/ITPUser/Applications/springboot/springboot_sample/target/classes started by ITPUser in /Users/ITPUser/Applications/springboot/springboot_sample)
2016-06-23 15:46:37.905  INFO 7242 --- [main] sample.App                               : No active profile set, falling back to default profiles: default
2016-06-23 15:46:38.243  INFO 7242 --- [main] ationConfigEmbeddedWebApplicationContext : Refreshing org.springframework.boot.context.embedded.AnnotationConfigEmbeddedWebApplicationContext@6f468e9f: startup date [Thu Jun 23 15:46:38 JST 2016]; root of context hierarchy
2016-06-23 15:46:39.893  INFO 7242 --- [main] trationDelegate$BeanPostProcessorChecker : Bean 'org.springframework.transaction.annotation.ProxyTransactionManagementConfiguration' of type [class org.springframework.transaction.annotation.ProxyTransactionManagementConfiguration$$EnhancerBySpringCGLIB$$ede6505e] is not eligible for getting processed by all BeanPostProcessors (for example: not eligible for auto-proxying)
2016-06-23 15:46:40.379  INFO 7242 --- [main] s.b.c.e.t.TomcatEmbeddedServletContainer : Tomcat initialized with port(s): 8080 (http)
2016-06-23 15:46:40.406  INFO 7242 --- [main] o.apache.catalina.core.StandardService   : Starting service Tomcat
2016-06-23 15:46:40.408  INFO 7242 --- [main] org.apache.catalina.core.StandardEngine  : Starting Servlet Engine: Apache Tomcat/8.0.33
2016-06-23 15:46:40.550  INFO 7242 --- [localhost-startStop-1] o.a.c.c.C.[Tomcat].[localhost].[/]       : Initializing Spring embedded WebApplicationContext
2016-06-23 15:46:40.551  INFO 7242 --- [localhost-startStop-1] o.s.web.context.ContextLoader            : Root WebApplicationContext: initialization completed in 2314 ms
2016-06-23 15:46:41.614  INFO 7242 --- [localhost-startStop-1] o.s.b.c.e.ServletRegistrationBean        : Mapping servlet: 'dispatcherServlet' to [/]
2016-06-23 15:46:41.619  INFO 7242 --- [localhost-startStop-1] o.s.b.c.embedded.FilterRegistrationBean  : Mapping filter: 'characterEncodingFilter' to: [/*]
2016-06-23 15:46:41.620  INFO 7242 --- [localhost-startStop-1] o.s.b.c.embedded.FilterRegistrationBean  : Mapping filter: 'hiddenHttpMethodFilter' to: [/*]
2016-06-23 15:46:41.621  INFO 7242 --- [localhost-startStop-1] o.s.b.c.embedded.FilterRegistrationBean  : Mapping filter: 'httpPutFormContentFilter' to: [/*]
2016-06-23 15:46:41.621  INFO 7242 --- [localhost-startStop-1] o.s.b.c.embedded.FilterRegistrationBean  : Mapping filter: 'requestContextFilter' to: [/*]
2016-06-23 15:46:42.128  INFO 7242 --- [main] j.LocalContainerEntityManagerFactoryBean : Building JPA container EntityManagerFactory for persistence unit 'default'
2016-06-23 15:46:42.146  INFO 7242 --- [main] o.hibernate.jpa.internal.util.LogHelper  : HHH000204: Processing PersistenceUnitInfo [
	name: default
	...]
2016-06-23 15:46:42.254  INFO 7242 --- [main] org.hibernate.Version                    : HHH000412: Hibernate Core {4.3.11.Final}
2016-06-23 15:46:42.256  INFO 7242 --- [main] org.hibernate.cfg.Environment            : HHH000206: hibernate.properties not found
2016-06-23 15:46:42.259  INFO 7242 --- [main] org.hibernate.cfg.Environment            : HHH000021: Bytecode provider name : javassist
2016-06-23 15:46:42.534  INFO 7242 --- [main] o.hibernate.annotations.common.Version   : HCANN000001: Hibernate Commons Annotations {4.0.5.Final}
2016-06-23 15:46:42.643  INFO 7242 --- [main] org.hibernate.dialect.Dialect            : HHH000400: Using dialect: org.hibernate.dialect.H2Dialect
2016-06-23 15:46:42.837  INFO 7242 --- [main] o.h.h.i.ast.ASTQueryTranslatorFactory    : HHH000397: Using ASTQueryTranslatorFactory
2016-06-23 15:46:43.204  INFO 7242 --- [main] org.hibernate.tool.hbm2ddl.SchemaExport  : HHH000227: Running hbm2ddl schema export
2016-06-23 15:46:43.238  INFO 7242 --- [main] org.hibernate.tool.hbm2ddl.SchemaExport  : HHH000230: Schema export complete
2016-06-23 15:46:43.899  INFO 7242 --- [main] s.w.s.m.m.a.RequestMappingHandlerAdapter : Looking for @ControllerAdvice: org.springframework.boot.context.embedded.AnnotationConfigEmbeddedWebApplicationContext@6f468e9f: startup date [Thu Jun 23 15:46:38 JST 2016]; root of context hierarchy
2016-06-23 15:46:43.981  INFO 7242 --- [main] s.w.s.m.m.a.RequestMappingHandlerMapping : Mapped "{[/]}" onto public java.lang.String sample.App.home()
2016-06-23 15:46:43.985  INFO 7242 --- [main] s.w.s.m.m.a.RequestMappingHandlerMapping : Mapped "{[/requests-dev],methods=[GET]}" onto public java.lang.String sample.RequestsConfirmController.index(org.springframework.ui.Model)
2016-06-23 15:46:43.986  INFO 7242 --- [main] s.w.s.m.m.a.RequestMappingHandlerMapping : Mapped "{[/requests-dev/{id}/update],methods=[POST]}" onto public java.lang.String sample.RequestsConfirmController.update(java.lang.Long,sample.Request)
2016-06-23 15:46:43.986  INFO 7242 --- [main] s.w.s.m.m.a.RequestMappingHandlerMapping : Mapped "{[/requests-dev/{id}/delete],methods=[GET]}" onto public java.lang.String sample.RequestsConfirmController.delete(java.lang.Long)
2016-06-23 15:46:43.986  INFO 7242 --- [main] s.w.s.m.m.a.RequestMappingHandlerMapping : Mapped "{[/requests-dev],methods=[POST]}" onto public java.lang.String sample.RequestsConfirmController.create(sample.Request)
2016-06-23 15:46:43.992  INFO 7242 --- [main] s.w.s.m.m.a.RequestMappingHandlerMapping : Mapped "{[/requests-dev/{id}],methods=[GET]}" onto public java.lang.String sample.RequestsConfirmController.show(java.lang.Long,org.springframework.ui.Model)
2016-06-23 15:46:43.993  INFO 7242 --- [main] s.w.s.m.m.a.RequestMappingHandlerMapping : Mapped "{[/requests-dev/{id}/edit],methods=[GET]}" onto public java.lang.String sample.RequestsConfirmController.edit(java.lang.Long,org.springframework.ui.Model)
2016-06-23 15:46:43.995  INFO 7242 --- [main] s.w.s.m.m.a.RequestMappingHandlerMapping : Mapped "{[/requests-dev/new],methods=[GET]}" onto public java.lang.String sample.RequestsConfirmController.newRequest(org.springframework.ui.Model)
2016-06-23 15:46:43.998  INFO 7242 --- [main] s.w.s.m.m.a.RequestMappingHandlerMapping : Mapped "{[/requests],methods=[GET]}" onto public java.util.List<sample.Request> sample.RequestsController.index()
2016-06-23 15:46:44.001  INFO 7242 --- [main] s.w.s.m.m.a.RequestMappingHandlerMapping : Mapped "{[/requests/{id}],methods=[PATCH || PUT]}" onto public sample.Request sample.RequestsController.update(java.lang.Long,sample.Request)
2016-06-23 15:46:44.003  INFO 7242 --- [main] s.w.s.m.m.a.RequestMappingHandlerMapping : Mapped "{[/requests/{id}],methods=[DELETE]}" onto public sample.Request sample.RequestsController.delete(java.lang.Long)
2016-06-23 15:46:44.004  INFO 7242 --- [main] s.w.s.m.m.a.RequestMappingHandlerMapping : Mapped "{[/requests],methods=[POST]}" onto public sample.Request sample.RequestsController.create(sample.Request)
2016-06-23 15:46:44.005  INFO 7242 --- [main] s.w.s.m.m.a.RequestMappingHandlerMapping : Mapped "{[/requests/{id}],methods=[GET]}" onto public sample.Request sample.RequestsController.show(java.lang.Long)
2016-06-23 15:46:44.009  INFO 7242 --- [main] s.w.s.m.m.a.RequestMappingHandlerMapping : Mapped "{[/statuses-dev],methods=[GET]}" onto public java.lang.String sample.StatusesConfirmController.index(org.springframework.ui.Model)
2016-06-23 15:46:44.010  INFO 7242 --- [main] s.w.s.m.m.a.RequestMappingHandlerMapping : Mapped "{[/statuses-dev/{id}/update],methods=[POST]}" onto public java.lang.String sample.StatusesConfirmController.update(java.lang.Long,sample.Status)
2016-06-23 15:46:44.012  INFO 7242 --- [main] s.w.s.m.m.a.RequestMappingHandlerMapping : Mapped "{[/statuses-dev/{id}/delete],methods=[GET]}" onto public java.lang.String sample.StatusesConfirmController.delete(java.lang.Long)
2016-06-23 15:46:44.013  INFO 7242 --- [main] s.w.s.m.m.a.RequestMappingHandlerMapping : Mapped "{[/statuses-dev],methods=[POST]}" onto public java.lang.String sample.StatusesConfirmController.create(sample.Status)
2016-06-23 15:46:44.014  INFO 7242 --- [main] s.w.s.m.m.a.RequestMappingHandlerMapping : Mapped "{[/statuses-dev/{id}],methods=[GET]}" onto public java.lang.String sample.StatusesConfirmController.show(java.lang.Long,org.springframework.ui.Model)
2016-06-23 15:46:44.015  INFO 7242 --- [main] s.w.s.m.m.a.RequestMappingHandlerMapping : Mapped "{[/statuses-dev/new],methods=[GET]}" onto public java.lang.String sample.StatusesConfirmController.newStatus()
2016-06-23 15:46:44.015  INFO 7242 --- [main] s.w.s.m.m.a.RequestMappingHandlerMapping : Mapped "{[/statuses-dev/{id}/edit],methods=[GET]}" onto public java.lang.String sample.StatusesConfirmController.edit(java.lang.Long,org.springframework.ui.Model)
2016-06-23 15:46:44.017  INFO 7242 --- [main] s.w.s.m.m.a.RequestMappingHandlerMapping : Mapped "{[/statuses],methods=[GET]}" onto public java.util.List<sample.Status> sample.StatusesController.index()
2016-06-23 15:46:44.018  INFO 7242 --- [main] s.w.s.m.m.a.RequestMappingHandlerMapping : Mapped "{[/statuses/{id}],methods=[PATCH || PUT]}" onto public sample.Status sample.StatusesController.update(java.lang.Long,sample.Status)
2016-06-23 15:46:44.019  INFO 7242 --- [main] s.w.s.m.m.a.RequestMappingHandlerMapping : Mapped "{[/statuses/{id}],methods=[DELETE]}" onto public sample.Status sample.StatusesController.delete(java.lang.Long)
2016-06-23 15:46:44.021  INFO 7242 --- [main] s.w.s.m.m.a.RequestMappingHandlerMapping : Mapped "{[/statuses],methods=[POST]}" onto public sample.Status sample.StatusesController.create(sample.Status)
2016-06-23 15:46:44.022  INFO 7242 --- [main] s.w.s.m.m.a.RequestMappingHandlerMapping : Mapped "{[/statuses/{id}],methods=[GET]}" onto public sample.Status sample.StatusesController.show(java.lang.Long)
2016-06-23 15:46:44.026  INFO 7242 --- [main] s.w.s.m.m.a.RequestMappingHandlerMapping : Mapped "{[/users-dev],methods=[GET]}" onto public java.lang.String sample.UsersConfirmController.index(org.springframework.ui.Model)
2016-06-23 15:46:44.026  INFO 7242 --- [main] s.w.s.m.m.a.RequestMappingHandlerMapping : Mapped "{[/users-dev/{id}/update],methods=[POST]}" onto public java.lang.String sample.UsersConfirmController.update(java.lang.Long,sample.User)
2016-06-23 15:46:44.027  INFO 7242 --- [main] s.w.s.m.m.a.RequestMappingHandlerMapping : Mapped "{[/users-dev/{id}/delete],methods=[GET]}" onto public java.lang.String sample.UsersConfirmController.delete(java.lang.Long)
2016-06-23 15:46:44.027  INFO 7242 --- [main] s.w.s.m.m.a.RequestMappingHandlerMapping : Mapped "{[/users-dev],methods=[POST]}" onto public java.lang.String sample.UsersConfirmController.create(sample.User)
2016-06-23 15:46:44.030  INFO 7242 --- [main] s.w.s.m.m.a.RequestMappingHandlerMapping : Mapped "{[/users-dev/{id}],methods=[GET]}" onto public java.lang.String sample.UsersConfirmController.show(java.lang.Long,org.springframework.ui.Model)
2016-06-23 15:46:44.031  INFO 7242 --- [main] s.w.s.m.m.a.RequestMappingHandlerMapping : Mapped "{[/users-dev/{id}/edit],methods=[GET]}" onto public java.lang.String sample.UsersConfirmController.edit(java.lang.Long,org.springframework.ui.Model)
2016-06-23 15:46:44.031  INFO 7242 --- [main] s.w.s.m.m.a.RequestMappingHandlerMapping : Mapped "{[/users-dev/new],methods=[GET]}" onto public java.lang.String sample.UsersConfirmController.newUser()
2016-06-23 15:46:44.037  INFO 7242 --- [main] s.w.s.m.m.a.RequestMappingHandlerMapping : Mapped "{[/users],methods=[GET]}" onto public java.util.List<sample.User> sample.UsersController.index()
2016-06-23 15:46:44.038  INFO 7242 --- [main] s.w.s.m.m.a.RequestMappingHandlerMapping : Mapped "{[/users/{id}],methods=[PATCH || PUT]}" onto public sample.User sample.UsersController.update(java.lang.Long,sample.User)
2016-06-23 15:46:44.039  INFO 7242 --- [main] s.w.s.m.m.a.RequestMappingHandlerMapping : Mapped "{[/users/{id}],methods=[DELETE]}" onto public sample.User sample.UsersController.delete(java.lang.Long)
2016-06-23 15:46:44.040  INFO 7242 --- [main] s.w.s.m.m.a.RequestMappingHandlerMapping : Mapped "{[/users],methods=[POST]}" onto public sample.User sample.UsersController.create(sample.User)
2016-06-23 15:46:44.042  INFO 7242 --- [main] s.w.s.m.m.a.RequestMappingHandlerMapping : Mapped "{[/users/{id}],methods=[GET]}" onto public sample.User sample.UsersController.show(java.lang.Long)
2016-06-23 15:46:44.045  INFO 7242 --- [main] s.w.s.m.m.a.RequestMappingHandlerMapping : Mapped "{[/error]}" onto public org.springframework.http.ResponseEntity<java.util.Map<java.lang.String, java.lang.Object>> org.springframework.boot.autoconfigure.web.BasicErrorController.error(javax.servlet.http.HttpServletRequest)
2016-06-23 15:46:44.046  INFO 7242 --- [main] s.w.s.m.m.a.RequestMappingHandlerMapping : Mapped "{[/error],produces=[text/html]}" onto public org.springframework.web.servlet.ModelAndView org.springframework.boot.autoconfigure.web.BasicErrorController.errorHtml(javax.servlet.http.HttpServletRequest,javax.servlet.http.HttpServletResponse)
2016-06-23 15:46:44.085  INFO 7242 --- [main] o.s.w.s.handler.SimpleUrlHandlerMapping  : Mapped URL path [/webjars/**] onto handler of type [class org.springframework.web.servlet.resource.ResourceHttpRequestHandler]
2016-06-23 15:46:44.086  INFO 7242 --- [main] o.s.w.s.handler.SimpleUrlHandlerMapping  : Mapped URL path [/**] onto handler of type [class org.springframework.web.servlet.resource.ResourceHttpRequestHandler]
2016-06-23 15:46:44.133  INFO 7242 --- [main] o.s.w.s.handler.SimpleUrlHandlerMapping  : Mapped URL path [/**/favicon.ico] onto handler of type [class org.springframework.web.servlet.resource.ResourceHttpRequestHandler]
2016-06-23 15:46:44.973  INFO 7242 --- [main] o.s.j.e.a.AnnotationMBeanExporter        : Registering beans for JMX exposure on startup
2016-06-23 15:46:45.067  INFO 7242 --- [main] s.b.c.e.t.TomcatEmbeddedServletContainer : Tomcat started on port(s): 8080 (http)
2016-06-23 15:46:45.076  INFO 7242 --- [main] sample.App                               : Started App in 8.106 seconds (JVM running for 12.976)
2016-06-23 15:46:47.852  INFO 7242 --- [http-nio-8080-exec-1] o.a.c.c.C.[Tomcat].[localhost].[/]       : Initializing Spring FrameworkServlet 'dispatcherServlet'
2016-06-23 15:46:47.853  INFO 7242 --- [http-nio-8080-exec-1] o.s.web.servlet.DispatcherServlet        : FrameworkServlet 'dispatcherServlet': initialization started
2016-06-23 15:46:47.948  INFO 7242 --- [http-nio-8080-exec-1] o.s.web.servlet.DispatcherServlet        : FrameworkServlet 'dispatcherServlet': initialization completed in 95 ms
2016-06-23 15:46:51.132  INFO 7242 --- [http-nio-8080-exec-3] sample.RequestsController                : Request is Empty.
2016-06-23 15:46:51.143  INFO 7242 --- [http-nio-8080-exec-4] sample.UsersController                   : User is Empty.
2016-06-23 15:46:51.144  INFO 7242 --- [http-nio-8080-exec-2] sample.StatusesController                : Status is Empty.
2016-06-23 15:46:51.524  INFO 7242 --- [http-nio-8080-exec-7] sample.StatusesController                : {id: 1, code: 1, name: 作成中}
2016-06-23 15:46:51.525  INFO 7242 --- [http-nio-8080-exec-5] sample.UsersController                   : {id: 4, uid: 一般ユーザ, name: 一般ユーザ, team: 開発チーム, jobLevel: 3, admin: false}
2016-06-23 15:46:51.526  INFO 7242 --- [http-nio-8080-exec-8] sample.UsersController                   : {id: 1, uid: アドミンユーザ, name: アドミンユーザ, team: 管理チーム, jobLevel: 0, admin: true}
2016-06-23 15:46:51.526  INFO 7242 --- [http-nio-8080-exec-6] sample.UsersController                   : {id: 2, uid: 役席ユーザ, name: 役席ユーザ, team: 開発チーム, jobLevel: 2, admin: false}
2016-06-23 15:46:51.526  INFO 7242 --- [http-nio-8080-exec-1] sample.UsersController                   : {id: 3, uid: 担当ユーザ, name: 担当ユーザ, team: 運用チーム, jobLevel: 4, admin: false}
2016-06-23 15:46:51.528  INFO 7242 --- [http-nio-8080-exec-2] sample.UsersController                   : {id: 5, uid: 受付ユーザ, name: 受付ユーザ, team: 運用チーム, jobLevel: 2, admin: true}
2016-06-23 15:46:51.612  INFO 7242 --- [http-nio-8080-exec-4] sample.StatusesController                : {id: 3, code: 5, name: 作業完了承認待ち}
2016-06-23 15:46:51.614  INFO 7242 --- [http-nio-8080-exec-2] sample.StatusesController                : {id: 2, code: 4, name: 作業完了待ち}
2016-06-23 15:46:51.615  INFO 7242 --- [http-nio-8080-exec-9] sample.StatusesController                : {id: 4, code: 3, name: 受付待ち}
2016-06-23 15:46:51.624  INFO 7242 --- [http-nio-8080-exec-6] sample.StatusesController                : {id: 5, code: 2, name: 承認待ち}
2016-06-23 15:46:51.624  INFO 7242 --- [http-nio-8080-exec-7] sample.StatusesController                : {id: 6, code: 6, name: 作業確認待ち}
2016-06-23 15:46:51.632  INFO 7242 --- [http-nio-8080-exec-10] sample.StatusesController                : {id: 7, code: 7, name: 完了}
2016-06-23 15:46:53.696  INFO 7242 --- [http-nio-8080-exec-3] sample.UsersController                   : [{id: 1, uid: アドミンユーザ, name: アドミンユーザ, team: 管理チーム, jobLevel: 0, admin: true}, {id: 2, uid: 役席ユーザ, name: 役席ユーザ, team: 開発チーム, jobLevel: 2, admin: false}, {id: 3, uid: 担当ユーザ, name: 担当ユーザ, team: 運用チーム, jobLevel: 4, admin: false}, {id: 4, uid: 一般ユーザ, name: 一般ユーザ, team: 開発チーム, jobLevel: 3, admin: false}, {id: 5, uid: 受付ユーザ, name: 受付ユーザ, team: 運用チーム, jobLevel: 2, admin: true}]
2016-06-23 15:46:53.696  INFO 7242 --- [http-nio-8080-exec-1] sample.StatusesController                : [{id: 1, code: 1, name: 作成中}, {id: 2, code: 4, name: 作業完了待ち}, {id: 3, code: 5, name: 作業完了承認待ち}, {id: 4, code: 3, name: 受付待ち}, {id: 5, code: 2, name: 承認待ち}, {id: 6, code: 6, name: 作業確認待ち}, {id: 7, code: 7, name: 完了}]
